{
  "stats": {
    "suites": 3,
    "tests": 21,
    "passes": 9,
    "pending": 7,
    "failures": 5,
    "start": "2025-11-08T11:59:56.834Z",
    "end": "2025-11-08T11:59:56.850Z",
    "duration": 16,
    "testsRegistered": 21,
    "passPercent": 64.28571428571429,
    "pendingPercent": 33.33333333333333,
    "other": 0,
    "hasOther": false,
    "skipped": 0,
    "hasSkipped": false
  },
  "results": [
    {
      "uuid": "cdbf71e5-d46a-451f-8a25-97a05ad057d7",
      "title": "",
      "fullFile": "",
      "file": "",
      "beforeHooks": [],
      "afterHooks": [],
      "tests": [],
      "suites": [
        {
          "uuid": "fa0a6990-7a77-4c04-900b-94777288aaab",
          "title": "test que deben dar pass",
          "fullFile": "/workspaces/unit-test-example/test/env_test.js",
          "file": "/test/env_test.js",
          "beforeHooks": [],
          "afterHooks": [],
          "tests": [
            {
              "title": "prueba de tiMonth",
              "fullTitle": "test que deben dar pass prueba de tiMonth",
              "timedOut": false,
              "duration": 1,
              "state": "passed",
              "speed": "fast",
              "pass": true,
              "fail": false,
              "pending": false,
              "context": null,
              "code": "assert.strictEqual(tiMonth(2), 0.0016515813019202241);",
              "err": {},
              "uuid": "170d1772-06e6-41cd-95f6-2aa660c4a6b6",
              "parentUUID": "fa0a6990-7a77-4c04-900b-94777288aaab",
              "isHook": false,
              "skipped": false
            },
            {
              "title": "prueba de datos de combustible",
              "fullTitle": "test que deben dar pass prueba de datos de combustible",
              "timedOut": false,
              "duration": 1,
              "state": "passed",
              "speed": "fast",
              "pass": true,
              "fail": false,
              "pending": false,
              "context": null,
              "code": "assert.deepStrictEqual(fuelEnergySelector(\"gasoline\"), {\n  \"fuel_price\": 16700,\n  \"fuel_energy\": 35.58,\n  \"emision_factor\": 69.25\n});",
              "err": {},
              "uuid": "92e061b1-f6d6-4596-948c-bb7de6436a99",
              "parentUUID": "fa0a6990-7a77-4c04-900b-94777288aaab",
              "isHook": false,
              "skipped": false
            },
            {
              "title": "prueba de electricalConsumption",
              "fullTitle": "test que deben dar pass prueba de electricalConsumption",
              "timedOut": false,
              "duration": 0,
              "state": "passed",
              "speed": "fast",
              "pass": true,
              "fail": false,
              "pending": false,
              "context": null,
              "code": "assert.strictEqual(electricalConsumption(2, 2), 1.1111111111111112);",
              "err": {},
              "uuid": "d70be64e-2e89-490f-9119-1f631f321f5d",
              "parentUUID": "fa0a6990-7a77-4c04-900b-94777288aaab",
              "isHook": false,
              "skipped": false
            },
            {
              "title": "prueba para la funcion costElectricalKM",
              "fullTitle": "test que deben dar pass prueba para la funcion costElectricalKM",
              "timedOut": false,
              "duration": 0,
              "state": "passed",
              "speed": "fast",
              "pass": true,
              "fail": false,
              "pending": false,
              "context": null,
              "code": "assert.strictEqual(costElectricalKM(1.1111111111111112, 3), 3.3333333333333335);",
              "err": {},
              "uuid": "a8565d66-bd87-48c4-85b1-17e851aa5dd9",
              "parentUUID": "fa0a6990-7a77-4c04-900b-94777288aaab",
              "isHook": false,
              "skipped": false
            },
            {
              "title": "prueba para la funcion combustionConsumption",
              "fullTitle": "test que deben dar pass prueba para la funcion combustionConsumption",
              "timedOut": false,
              "duration": 0,
              "state": "passed",
              "speed": "fast",
              "pass": true,
              "fail": false,
              "pending": false,
              "context": null,
              "code": "assert.strictEqual(combustionConsumption(1.1111111111111112), 4.11522633744856);",
              "err": {},
              "uuid": "7de82e99-53f1-45a9-a110-850284635d46",
              "parentUUID": "fa0a6990-7a77-4c04-900b-94777288aaab",
              "isHook": false,
              "skipped": false
            },
            {
              "title": "prueba para la funcion fuelConsumption",
              "fullTitle": "test que deben dar pass prueba para la funcion fuelConsumption",
              "timedOut": false,
              "duration": 0,
              "state": "passed",
              "speed": "fast",
              "pass": true,
              "fail": false,
              "pending": false,
              "context": null,
              "code": "assert.strictEqual(fuelConsumption(4.11522633744856, 35.58), 0.11566122364948173);",
              "err": {},
              "uuid": "b6cc1360-2363-4f6d-b54d-ea7ddc5837cb",
              "parentUUID": "fa0a6990-7a77-4c04-900b-94777288aaab",
              "isHook": false,
              "skipped": false
            },
            {
              "title": "prueba para la funcion fuelEfficiency",
              "fullTitle": "test que deben dar pass prueba para la funcion fuelEfficiency",
              "timedOut": false,
              "duration": 0,
              "state": "passed",
              "speed": "fast",
              "pass": true,
              "fail": false,
              "pending": false,
              "context": null,
              "code": "assert.strictEqual(fuelEfficiency(0.11566122364948173), 8.64594);",
              "err": {},
              "uuid": "d6775ab9-9057-4ca6-aae1-0f416c189833",
              "parentUUID": "fa0a6990-7a77-4c04-900b-94777288aaab",
              "isHook": false,
              "skipped": false
            },
            {
              "title": "prueba para la funcion energyKm",
              "fullTitle": "test que deben dar pass prueba para la funcion energyKm",
              "timedOut": false,
              "duration": 0,
              "state": "passed",
              "speed": "fast",
              "pass": true,
              "fail": false,
              "pending": false,
              "context": null,
              "code": "assert.strictEqual(energyKm(4.11522633744856), 14814814.814814815);",
              "err": {},
              "uuid": "e6053dad-5fcf-49d6-ac83-19178d319653",
              "parentUUID": "fa0a6990-7a77-4c04-900b-94777288aaab",
              "isHook": false,
              "skipped": false
            },
            {
              "title": "prueba para la funcion fuelCostKm",
              "fullTitle": "test que deben dar pass prueba para la funcion fuelCostKm",
              "timedOut": false,
              "duration": 0,
              "state": "passed",
              "speed": "fast",
              "pass": true,
              "fail": false,
              "pending": false,
              "context": null,
              "code": "assert.strictEqual(fuelCostKm(16700, 0.11566122364948173), 1931.5424349463449);",
              "err": {},
              "uuid": "316adf5e-544c-4c3f-bc10-193f98eeba56",
              "parentUUID": "fa0a6990-7a77-4c04-900b-94777288aaab",
              "isHook": false,
              "skipped": false
            }
          ],
          "suites": [],
          "passes": [
            "170d1772-06e6-41cd-95f6-2aa660c4a6b6",
            "92e061b1-f6d6-4596-948c-bb7de6436a99",
            "d70be64e-2e89-490f-9119-1f631f321f5d",
            "a8565d66-bd87-48c4-85b1-17e851aa5dd9",
            "7de82e99-53f1-45a9-a110-850284635d46",
            "b6cc1360-2363-4f6d-b54d-ea7ddc5837cb",
            "d6775ab9-9057-4ca6-aae1-0f416c189833",
            "e6053dad-5fcf-49d6-ac83-19178d319653",
            "316adf5e-544c-4c3f-bc10-193f98eeba56"
          ],
          "failures": [],
          "pending": [],
          "skipped": [],
          "duration": 2,
          "root": false,
          "rootEmpty": false,
          "_timeout": 2000
        },
        {
          "uuid": "f7b38f9b-7c78-4f58-bc03-e435445434b9",
          "title": "pruebas que deben dar fail",
          "fullFile": "/workspaces/unit-test-example/test/env_test.js",
          "file": "/test/env_test.js",
          "beforeHooks": [],
          "afterHooks": [],
          "tests": [
            {
              "title": "prueba para la funcion emisionKm",
              "fullTitle": "pruebas que deben dar fail prueba para la funcion emisionKm",
              "timedOut": false,
              "duration": 5,
              "state": "failed",
              "speed": null,
              "pass": false,
              "fail": true,
              "pending": false,
              "context": null,
              "code": "assert.notStrictEqual(emisionKm(69.25, 14814814.814814815), 1025.9259259259259);",
              "err": {
                "message": "AssertionError: Expected \"actual\" to be strictly unequal to:\n\n1025.9259259259259",
                "estack": "AssertionError [ERR_ASSERTION]: Expected \"actual\" to be strictly unequal to:\n\n1025.9259259259259\n    at Context.<anonymous> (test/env_test.js:72:12)\n    at process.processImmediate (node:internal/timers:485:21)",
                "diff": ""
              },
              "uuid": "5c34c7bc-2040-4cf5-8585-cee1baedf213",
              "parentUUID": "f7b38f9b-7c78-4f58-bc03-e435445434b9",
              "isHook": false,
              "skipped": false
            },
            {
              "title": "prueba para la funcion savedEnergy",
              "fullTitle": "pruebas que deben dar fail prueba para la funcion savedEnergy",
              "timedOut": false,
              "duration": 0,
              "state": "failed",
              "speed": null,
              "pass": false,
              "fail": true,
              "pending": false,
              "context": null,
              "code": "assert.notStrictEqual(savedEnergy(4.11522633744856, 1.1111111111111112, 2), 6.008230452674897);",
              "err": {
                "message": "AssertionError: Expected \"actual\" to be strictly unequal to:\n\n6.008230452674897",
                "estack": "AssertionError [ERR_ASSERTION]: Expected \"actual\" to be strictly unequal to:\n\n6.008230452674897\n    at Context.<anonymous> (test/env_test.js:76:12)\n    at process.processImmediate (node:internal/timers:485:21)",
                "diff": ""
              },
              "uuid": "32ce1a50-63b9-4743-a5c2-64204f838fdc",
              "parentUUID": "f7b38f9b-7c78-4f58-bc03-e435445434b9",
              "isHook": false,
              "skipped": false
            },
            {
              "title": "prueba para la funcion avoidedEmissions",
              "fullTitle": "pruebas que deben dar fail prueba para la funcion avoidedEmissions",
              "timedOut": false,
              "duration": 0,
              "state": "failed",
              "speed": null,
              "pass": false,
              "fail": true,
              "pending": false,
              "context": null,
              "code": "assert.notStrictEqual(avoidedEmissions(1025.9259259259259, 2), 0.0020518518518518516);",
              "err": {
                "message": "AssertionError: Expected \"actual\" to be strictly unequal to:\n\n0.0020518518518518516",
                "estack": "AssertionError [ERR_ASSERTION]: Expected \"actual\" to be strictly unequal to:\n\n0.0020518518518518516\n    at Context.<anonymous> (test/env_test.js:80:12)\n    at process.processImmediate (node:internal/timers:485:21)",
                "diff": ""
              },
              "uuid": "309bfb7b-4836-42c0-bf9d-6e44016b3ba7",
              "parentUUID": "f7b38f9b-7c78-4f58-bc03-e435445434b9",
              "isHook": false,
              "skipped": false
            },
            {
              "title": "prueba para la funcion monthlySavings",
              "fullTitle": "pruebas que deben dar fail prueba para la funcion monthlySavings",
              "timedOut": false,
              "duration": 0,
              "state": "failed",
              "speed": null,
              "pass": false,
              "fail": true,
              "pending": false,
              "context": null,
              "code": "assert.notStrictEqual(monthlySavings(1931.5424349463449, 3.3333333333333335, 2), 321.3681836021686);",
              "err": {
                "message": "AssertionError: Expected \"actual\" to be strictly unequal to:\n\n321.3681836021686",
                "estack": "AssertionError [ERR_ASSERTION]: Expected \"actual\" to be strictly unequal to:\n\n321.3681836021686\n    at Context.<anonymous> (test/env_test.js:84:12)\n    at process.processImmediate (node:internal/timers:485:21)",
                "diff": ""
              },
              "uuid": "0017d7e6-2134-4fc8-b0cf-2e3a573b4dc9",
              "parentUUID": "f7b38f9b-7c78-4f58-bc03-e435445434b9",
              "isHook": false,
              "skipped": false
            },
            {
              "title": "prueba para la funcion annualSavings",
              "fullTitle": "pruebas que deben dar fail prueba para la funcion annualSavings",
              "timedOut": false,
              "duration": 1,
              "state": "failed",
              "speed": null,
              "pass": false,
              "fail": true,
              "pending": false,
              "context": null,
              "code": "assert.notStrictEqual(annualSavings(321.3681836021686, 0.0016515813019202241), 3891.6423094465686);",
              "err": {
                "message": "AssertionError: Expected \"actual\" to be strictly unequal to:\n\n3891.6423094465686",
                "estack": "AssertionError [ERR_ASSERTION]: Expected \"actual\" to be strictly unequal to:\n\n3891.6423094465686\n    at Context.<anonymous> (test/env_test.js:88:12)\n    at process.processImmediate (node:internal/timers:485:21)",
                "diff": ""
              },
              "uuid": "19b98986-d225-4505-88fc-4b6a07a1b9dd",
              "parentUUID": "f7b38f9b-7c78-4f58-bc03-e435445434b9",
              "isHook": false,
              "skipped": false
            }
          ],
          "suites": [],
          "passes": [],
          "failures": [
            "5c34c7bc-2040-4cf5-8585-cee1baedf213",
            "32ce1a50-63b9-4743-a5c2-64204f838fdc",
            "309bfb7b-4836-42c0-bf9d-6e44016b3ba7",
            "0017d7e6-2134-4fc8-b0cf-2e3a573b4dc9",
            "19b98986-d225-4505-88fc-4b6a07a1b9dd"
          ],
          "pending": [],
          "skipped": [],
          "duration": 6,
          "root": false,
          "rootEmpty": false,
          "_timeout": 2000
        },
        {
          "uuid": "dbe8c08a-bbb3-4c25-b65a-9c6104c5e6ae",
          "title": "pruebas que deben dar cancelado o Skiped",
          "fullFile": "/workspaces/unit-test-example/test/env_test.js",
          "file": "/test/env_test.js",
          "beforeHooks": [],
          "afterHooks": [],
          "tests": [
            {
              "title": "cancelacion o skiped de la funcion youngTree por parametro vacio",
              "fullTitle": "pruebas que deben dar cancelado o Skiped cancelacion o skiped de la funcion youngTree por parametro vacio",
              "timedOut": false,
              "duration": 0,
              "state": "pending",
              "speed": null,
              "pass": false,
              "fail": false,
              "pending": true,
              "context": null,
              "code": "",
              "err": {},
              "uuid": "e51a9a31-8d8c-4324-b535-71c6c75cfd5c",
              "parentUUID": "dbe8c08a-bbb3-4c25-b65a-9c6104c5e6ae",
              "isHook": false,
              "skipped": false
            },
            {
              "title": "cancelacion o skiped de la funcion oldTree por parametro vacio",
              "fullTitle": "pruebas que deben dar cancelado o Skiped cancelacion o skiped de la funcion oldTree por parametro vacio",
              "timedOut": false,
              "duration": 0,
              "state": "pending",
              "speed": null,
              "pass": false,
              "fail": false,
              "pending": true,
              "context": null,
              "code": "",
              "err": {},
              "uuid": "93e7cd66-c426-412b-b7b2-25b34b7466dd",
              "parentUUID": "dbe8c08a-bbb3-4c25-b65a-9c6104c5e6ae",
              "isHook": false,
              "skipped": false
            },
            {
              "title": "cancelacion o skiped de la funcion energyH2Cylinders por parametro vacio",
              "fullTitle": "pruebas que deben dar cancelado o Skiped cancelacion o skiped de la funcion energyH2Cylinders por parametro vacio",
              "timedOut": false,
              "duration": 0,
              "state": "pending",
              "speed": null,
              "pass": false,
              "fail": false,
              "pending": true,
              "context": null,
              "code": "",
              "err": {},
              "uuid": "f34690cd-eb10-4e7f-9094-7e78fb5687b9",
              "parentUUID": "dbe8c08a-bbb3-4c25-b65a-9c6104c5e6ae",
              "isHook": false,
              "skipped": false
            },
            {
              "title": "cancelacion o skiped de la funcion energyH2LowPresure por parametro vacio",
              "fullTitle": "pruebas que deben dar cancelado o Skiped cancelacion o skiped de la funcion energyH2LowPresure por parametro vacio",
              "timedOut": false,
              "duration": 0,
              "state": "pending",
              "speed": null,
              "pass": false,
              "fail": false,
              "pending": true,
              "context": null,
              "code": "",
              "err": {},
              "uuid": "1f5e3b0a-f716-4bf9-bbd1-c35c6c11a00d",
              "parentUUID": "dbe8c08a-bbb3-4c25-b65a-9c6104c5e6ae",
              "isHook": false,
              "skipped": false
            },
            {
              "title": "cancelacion o skiped de la funcion energyConsumed por parametro vacio",
              "fullTitle": "pruebas que deben dar cancelado o Skiped cancelacion o skiped de la funcion energyConsumed por parametro vacio",
              "timedOut": false,
              "duration": 0,
              "state": "pending",
              "speed": null,
              "pass": false,
              "fail": false,
              "pending": true,
              "context": null,
              "code": "",
              "err": {},
              "uuid": "09935b2a-881d-4498-b594-bdf39ebed237",
              "parentUUID": "dbe8c08a-bbb3-4c25-b65a-9c6104c5e6ae",
              "isHook": false,
              "skipped": false
            },
            {
              "title": "cancelacion o skiped de la funcion hydrogenMass por parametro vacio",
              "fullTitle": "pruebas que deben dar cancelado o Skiped cancelacion o skiped de la funcion hydrogenMass por parametro vacio",
              "timedOut": false,
              "duration": 0,
              "state": "pending",
              "speed": null,
              "pass": false,
              "fail": false,
              "pending": true,
              "context": null,
              "code": "",
              "err": {},
              "uuid": "9755744e-0799-4f71-8715-f49babe215ef",
              "parentUUID": "dbe8c08a-bbb3-4c25-b65a-9c6104c5e6ae",
              "isHook": false,
              "skipped": false
            },
            {
              "title": "cancelacion o skiped de la funcion litersRequired por parametro vacio",
              "fullTitle": "pruebas que deben dar cancelado o Skiped cancelacion o skiped de la funcion litersRequired por parametro vacio",
              "timedOut": false,
              "duration": 0,
              "state": "pending",
              "speed": null,
              "pass": false,
              "fail": false,
              "pending": true,
              "context": null,
              "code": "",
              "err": {},
              "uuid": "c85c2518-668d-4427-842e-03a2d0c7dd62",
              "parentUUID": "dbe8c08a-bbb3-4c25-b65a-9c6104c5e6ae",
              "isHook": false,
              "skipped": false
            }
          ],
          "suites": [],
          "passes": [],
          "failures": [],
          "pending": [
            "e51a9a31-8d8c-4324-b535-71c6c75cfd5c",
            "93e7cd66-c426-412b-b7b2-25b34b7466dd",
            "f34690cd-eb10-4e7f-9094-7e78fb5687b9",
            "1f5e3b0a-f716-4bf9-bbd1-c35c6c11a00d",
            "09935b2a-881d-4498-b594-bdf39ebed237",
            "9755744e-0799-4f71-8715-f49babe215ef",
            "c85c2518-668d-4427-842e-03a2d0c7dd62"
          ],
          "skipped": [],
          "duration": 0,
          "root": false,
          "rootEmpty": false,
          "_timeout": 2000
        }
      ],
      "passes": [],
      "failures": [],
      "pending": [],
      "skipped": [],
      "duration": 0,
      "root": true,
      "rootEmpty": true,
      "_timeout": 2000
    }
  ],
  "meta": {
    "mocha": {
      "version": "10.2.0"
    },
    "mochawesome": {
      "options": {
        "quiet": false,
        "reportFilename": "mochawesome",
        "saveHtml": true,
        "saveJson": true,
        "consoleReporter": "spec",
        "useInlineDiffs": false,
        "code": true
      },
      "version": "7.1.3"
    },
    "marge": {
      "options": null,
      "version": "6.2.0"
    }
  }
}