{
  "stats": {
    "suites": 3,
    "tests": 21,
    "passes": 9,
    "pending": 7,
    "failures": 5,
    "start": "2025-11-08T12:07:36.130Z",
    "end": "2025-11-08T12:07:36.142Z",
    "duration": 12,
    "testsRegistered": 21,
    "passPercent": 64.28571428571429,
    "pendingPercent": 33.33333333333333,
    "other": 0,
    "hasOther": false,
    "skipped": 0,
    "hasSkipped": false
  },
  "results": [
    {
      "uuid": "cf051060-9dcc-46d7-8743-154302f4fd92",
      "title": "",
      "fullFile": "",
      "file": "",
      "beforeHooks": [],
      "afterHooks": [],
      "tests": [],
      "suites": [
        {
          "uuid": "0e15d157-46f2-4c98-974b-54182ff368bb",
          "title": "test que deben dar pass",
          "fullFile": "/workspaces/unit-test-example/test/env_test.js",
          "file": "/test/env_test.js",
          "beforeHooks": [],
          "afterHooks": [],
          "tests": [
            {
              "title": "prueba de tiMonth",
              "fullTitle": "test que deben dar pass prueba de tiMonth",
              "timedOut": false,
              "duration": 1,
              "state": "passed",
              "speed": "fast",
              "pass": true,
              "fail": false,
              "pending": false,
              "context": null,
              "code": "assert.strictEqual(tiMonth(2), 0.0016515813019202241);",
              "err": {},
              "uuid": "b3452784-2ebf-448b-a5dc-012329fe6ed0",
              "parentUUID": "0e15d157-46f2-4c98-974b-54182ff368bb",
              "isHook": false,
              "skipped": false
            },
            {
              "title": "prueba de datos de combustible",
              "fullTitle": "test que deben dar pass prueba de datos de combustible",
              "timedOut": false,
              "duration": 1,
              "state": "passed",
              "speed": "fast",
              "pass": true,
              "fail": false,
              "pending": false,
              "context": null,
              "code": "assert.deepStrictEqual(fuelEnergySelector(\"gasoline\"), {\n  \"fuel_price\": 16700,\n  \"fuel_energy\": 35.58,\n  \"emision_factor\": 69.25\n});",
              "err": {},
              "uuid": "da753fa3-10b3-4dc6-94ab-656178f34219",
              "parentUUID": "0e15d157-46f2-4c98-974b-54182ff368bb",
              "isHook": false,
              "skipped": false
            },
            {
              "title": "prueba de electricalConsumption",
              "fullTitle": "test que deben dar pass prueba de electricalConsumption",
              "timedOut": false,
              "duration": 0,
              "state": "passed",
              "speed": "fast",
              "pass": true,
              "fail": false,
              "pending": false,
              "context": null,
              "code": "assert.strictEqual(electricalConsumption(2, 2), 1.1111111111111112);",
              "err": {},
              "uuid": "0f8730df-25e8-4a22-ada4-d4f3ad208500",
              "parentUUID": "0e15d157-46f2-4c98-974b-54182ff368bb",
              "isHook": false,
              "skipped": false
            },
            {
              "title": "prueba para la funcion costElectricalKM",
              "fullTitle": "test que deben dar pass prueba para la funcion costElectricalKM",
              "timedOut": false,
              "duration": 0,
              "state": "passed",
              "speed": "fast",
              "pass": true,
              "fail": false,
              "pending": false,
              "context": null,
              "code": "assert.strictEqual(costElectricalKM(1.1111111111111112, 3), 3.3333333333333335);",
              "err": {},
              "uuid": "554e27e6-0f72-4730-b743-25323a70e87b",
              "parentUUID": "0e15d157-46f2-4c98-974b-54182ff368bb",
              "isHook": false,
              "skipped": false
            },
            {
              "title": "prueba para la funcion combustionConsumption",
              "fullTitle": "test que deben dar pass prueba para la funcion combustionConsumption",
              "timedOut": false,
              "duration": 0,
              "state": "passed",
              "speed": "fast",
              "pass": true,
              "fail": false,
              "pending": false,
              "context": null,
              "code": "assert.strictEqual(combustionConsumption(1.1111111111111112), 4.11522633744856);",
              "err": {},
              "uuid": "41a60f5b-7f37-4076-8a28-626125fa1ff9",
              "parentUUID": "0e15d157-46f2-4c98-974b-54182ff368bb",
              "isHook": false,
              "skipped": false
            },
            {
              "title": "prueba para la funcion fuelConsumption",
              "fullTitle": "test que deben dar pass prueba para la funcion fuelConsumption",
              "timedOut": false,
              "duration": 0,
              "state": "passed",
              "speed": "fast",
              "pass": true,
              "fail": false,
              "pending": false,
              "context": null,
              "code": "assert.strictEqual(fuelConsumption(4.11522633744856, 35.58), 0.11566122364948173);",
              "err": {},
              "uuid": "d0ada866-6a10-45b7-87ff-712b9a69fb64",
              "parentUUID": "0e15d157-46f2-4c98-974b-54182ff368bb",
              "isHook": false,
              "skipped": false
            },
            {
              "title": "prueba para la funcion fuelEfficiency",
              "fullTitle": "test que deben dar pass prueba para la funcion fuelEfficiency",
              "timedOut": false,
              "duration": 0,
              "state": "passed",
              "speed": "fast",
              "pass": true,
              "fail": false,
              "pending": false,
              "context": null,
              "code": "assert.strictEqual(fuelEfficiency(0.11566122364948173), 8.64594);",
              "err": {},
              "uuid": "ce9f6a29-c553-41ee-83c6-b38b19f7d647",
              "parentUUID": "0e15d157-46f2-4c98-974b-54182ff368bb",
              "isHook": false,
              "skipped": false
            },
            {
              "title": "prueba para la funcion energyKm",
              "fullTitle": "test que deben dar pass prueba para la funcion energyKm",
              "timedOut": false,
              "duration": 0,
              "state": "passed",
              "speed": "fast",
              "pass": true,
              "fail": false,
              "pending": false,
              "context": null,
              "code": "assert.strictEqual(energyKm(4.11522633744856), 14814814.814814815);",
              "err": {},
              "uuid": "51ec0b88-dcc5-4cc3-a9a9-d59af2698631",
              "parentUUID": "0e15d157-46f2-4c98-974b-54182ff368bb",
              "isHook": false,
              "skipped": false
            },
            {
              "title": "prueba para la funcion fuelCostKm",
              "fullTitle": "test que deben dar pass prueba para la funcion fuelCostKm",
              "timedOut": false,
              "duration": 0,
              "state": "passed",
              "speed": "fast",
              "pass": true,
              "fail": false,
              "pending": false,
              "context": null,
              "code": "assert.strictEqual(fuelCostKm(16700, 0.11566122364948173), 1931.5424349463449);",
              "err": {},
              "uuid": "c2c9c441-5fc2-4527-8352-a8634811e6d8",
              "parentUUID": "0e15d157-46f2-4c98-974b-54182ff368bb",
              "isHook": false,
              "skipped": false
            }
          ],
          "suites": [],
          "passes": [
            "b3452784-2ebf-448b-a5dc-012329fe6ed0",
            "da753fa3-10b3-4dc6-94ab-656178f34219",
            "0f8730df-25e8-4a22-ada4-d4f3ad208500",
            "554e27e6-0f72-4730-b743-25323a70e87b",
            "41a60f5b-7f37-4076-8a28-626125fa1ff9",
            "d0ada866-6a10-45b7-87ff-712b9a69fb64",
            "ce9f6a29-c553-41ee-83c6-b38b19f7d647",
            "51ec0b88-dcc5-4cc3-a9a9-d59af2698631",
            "c2c9c441-5fc2-4527-8352-a8634811e6d8"
          ],
          "failures": [],
          "pending": [],
          "skipped": [],
          "duration": 2,
          "root": false,
          "rootEmpty": false,
          "_timeout": 2000
        },
        {
          "uuid": "7afe04d0-fafa-4e91-b728-e72221824491",
          "title": "pruebas que deben dar fail",
          "fullFile": "/workspaces/unit-test-example/test/env_test.js",
          "file": "/test/env_test.js",
          "beforeHooks": [],
          "afterHooks": [],
          "tests": [
            {
              "title": "prueba para la funcion emisionKm",
              "fullTitle": "pruebas que deben dar fail prueba para la funcion emisionKm",
              "timedOut": false,
              "duration": 1,
              "state": "failed",
              "speed": null,
              "pass": false,
              "fail": true,
              "pending": false,
              "context": null,
              "code": "assert.notStrictEqual(emisionKm(69.25, 14814814.814814815), 1025.9259259259259);",
              "err": {
                "message": "AssertionError: Expected \"actual\" to be strictly unequal to:\n\n1025.9259259259259",
                "estack": "AssertionError [ERR_ASSERTION]: Expected \"actual\" to be strictly unequal to:\n\n1025.9259259259259\n    at Context.<anonymous> (test/env_test.js:72:12)\n    at process.processImmediate (node:internal/timers:485:21)",
                "diff": ""
              },
              "uuid": "c3259640-417c-4427-bcb8-524b732ed5ab",
              "parentUUID": "7afe04d0-fafa-4e91-b728-e72221824491",
              "isHook": false,
              "skipped": false
            },
            {
              "title": "prueba para la funcion savedEnergy",
              "fullTitle": "pruebas que deben dar fail prueba para la funcion savedEnergy",
              "timedOut": false,
              "duration": 0,
              "state": "failed",
              "speed": null,
              "pass": false,
              "fail": true,
              "pending": false,
              "context": null,
              "code": "assert.notStrictEqual(savedEnergy(4.11522633744856, 1.1111111111111112, 2), 6.008230452674897);",
              "err": {
                "message": "AssertionError: Expected \"actual\" to be strictly unequal to:\n\n6.008230452674897",
                "estack": "AssertionError [ERR_ASSERTION]: Expected \"actual\" to be strictly unequal to:\n\n6.008230452674897\n    at Context.<anonymous> (test/env_test.js:76:12)\n    at process.processImmediate (node:internal/timers:485:21)",
                "diff": ""
              },
              "uuid": "766b536a-27fb-440f-9adc-006a22930005",
              "parentUUID": "7afe04d0-fafa-4e91-b728-e72221824491",
              "isHook": false,
              "skipped": false
            },
            {
              "title": "prueba para la funcion avoidedEmissions",
              "fullTitle": "pruebas que deben dar fail prueba para la funcion avoidedEmissions",
              "timedOut": false,
              "duration": 0,
              "state": "failed",
              "speed": null,
              "pass": false,
              "fail": true,
              "pending": false,
              "context": null,
              "code": "assert.notStrictEqual(avoidedEmissions(1025.9259259259259, 2), 0.0020518518518518516);",
              "err": {
                "message": "AssertionError: Expected \"actual\" to be strictly unequal to:\n\n0.0020518518518518516",
                "estack": "AssertionError [ERR_ASSERTION]: Expected \"actual\" to be strictly unequal to:\n\n0.0020518518518518516\n    at Context.<anonymous> (test/env_test.js:80:12)\n    at process.processImmediate (node:internal/timers:485:21)",
                "diff": ""
              },
              "uuid": "0a9d6f8b-34f0-461b-8d7c-506251abaf45",
              "parentUUID": "7afe04d0-fafa-4e91-b728-e72221824491",
              "isHook": false,
              "skipped": false
            },
            {
              "title": "prueba para la funcion monthlySavings",
              "fullTitle": "pruebas que deben dar fail prueba para la funcion monthlySavings",
              "timedOut": false,
              "duration": 0,
              "state": "failed",
              "speed": null,
              "pass": false,
              "fail": true,
              "pending": false,
              "context": null,
              "code": "assert.notStrictEqual(monthlySavings(1931.5424349463449, 3.3333333333333335, 2), 321.3681836021686);",
              "err": {
                "message": "AssertionError: Expected \"actual\" to be strictly unequal to:\n\n321.3681836021686",
                "estack": "AssertionError [ERR_ASSERTION]: Expected \"actual\" to be strictly unequal to:\n\n321.3681836021686\n    at Context.<anonymous> (test/env_test.js:84:12)\n    at process.processImmediate (node:internal/timers:485:21)",
                "diff": ""
              },
              "uuid": "ac8ce149-b7bc-46fb-bf22-b3fa65949775",
              "parentUUID": "7afe04d0-fafa-4e91-b728-e72221824491",
              "isHook": false,
              "skipped": false
            },
            {
              "title": "prueba para la funcion annualSavings",
              "fullTitle": "pruebas que deben dar fail prueba para la funcion annualSavings",
              "timedOut": false,
              "duration": 1,
              "state": "failed",
              "speed": null,
              "pass": false,
              "fail": true,
              "pending": false,
              "context": null,
              "code": "assert.notStrictEqual(annualSavings(321.3681836021686, 0.0016515813019202241), 3891.6423094465686);",
              "err": {
                "message": "AssertionError: Expected \"actual\" to be strictly unequal to:\n\n3891.6423094465686",
                "estack": "AssertionError [ERR_ASSERTION]: Expected \"actual\" to be strictly unequal to:\n\n3891.6423094465686\n    at Context.<anonymous> (test/env_test.js:88:12)\n    at process.processImmediate (node:internal/timers:485:21)",
                "diff": ""
              },
              "uuid": "133f3fda-5df8-42e3-846a-608e34d9e814",
              "parentUUID": "7afe04d0-fafa-4e91-b728-e72221824491",
              "isHook": false,
              "skipped": false
            }
          ],
          "suites": [],
          "passes": [],
          "failures": [
            "c3259640-417c-4427-bcb8-524b732ed5ab",
            "766b536a-27fb-440f-9adc-006a22930005",
            "0a9d6f8b-34f0-461b-8d7c-506251abaf45",
            "ac8ce149-b7bc-46fb-bf22-b3fa65949775",
            "133f3fda-5df8-42e3-846a-608e34d9e814"
          ],
          "pending": [],
          "skipped": [],
          "duration": 2,
          "root": false,
          "rootEmpty": false,
          "_timeout": 2000
        },
        {
          "uuid": "42be57b7-73b0-47f1-bba9-8a0538ec232c",
          "title": "pruebas que deben dar cancelado o Skiped",
          "fullFile": "/workspaces/unit-test-example/test/env_test.js",
          "file": "/test/env_test.js",
          "beforeHooks": [],
          "afterHooks": [],
          "tests": [
            {
              "title": "cancelacion o skiped de la funcion youngTree por parametro vacio",
              "fullTitle": "pruebas que deben dar cancelado o Skiped cancelacion o skiped de la funcion youngTree por parametro vacio",
              "timedOut": false,
              "duration": 0,
              "state": "pending",
              "speed": null,
              "pass": false,
              "fail": false,
              "pending": true,
              "context": null,
              "code": "",
              "err": {},
              "uuid": "dba70e32-1430-4cb5-943e-bb7c65a2cf6e",
              "parentUUID": "42be57b7-73b0-47f1-bba9-8a0538ec232c",
              "isHook": false,
              "skipped": false
            },
            {
              "title": "cancelacion o skiped de la funcion oldTree por parametro vacio",
              "fullTitle": "pruebas que deben dar cancelado o Skiped cancelacion o skiped de la funcion oldTree por parametro vacio",
              "timedOut": false,
              "duration": 0,
              "state": "pending",
              "speed": null,
              "pass": false,
              "fail": false,
              "pending": true,
              "context": null,
              "code": "",
              "err": {},
              "uuid": "9dc9e29f-03ef-4481-b6dd-4af64a000cc5",
              "parentUUID": "42be57b7-73b0-47f1-bba9-8a0538ec232c",
              "isHook": false,
              "skipped": false
            },
            {
              "title": "cancelacion o skiped de la funcion energyH2Cylinders por parametro vacio",
              "fullTitle": "pruebas que deben dar cancelado o Skiped cancelacion o skiped de la funcion energyH2Cylinders por parametro vacio",
              "timedOut": false,
              "duration": 0,
              "state": "pending",
              "speed": null,
              "pass": false,
              "fail": false,
              "pending": true,
              "context": null,
              "code": "",
              "err": {},
              "uuid": "ee84d447-1ec0-4ffe-9d76-73e3e12d86bd",
              "parentUUID": "42be57b7-73b0-47f1-bba9-8a0538ec232c",
              "isHook": false,
              "skipped": false
            },
            {
              "title": "cancelacion o skiped de la funcion energyH2LowPresure por parametro vacio",
              "fullTitle": "pruebas que deben dar cancelado o Skiped cancelacion o skiped de la funcion energyH2LowPresure por parametro vacio",
              "timedOut": false,
              "duration": 0,
              "state": "pending",
              "speed": null,
              "pass": false,
              "fail": false,
              "pending": true,
              "context": null,
              "code": "",
              "err": {},
              "uuid": "756cf432-abd6-4429-a7e8-fbfd617eaa61",
              "parentUUID": "42be57b7-73b0-47f1-bba9-8a0538ec232c",
              "isHook": false,
              "skipped": false
            },
            {
              "title": "cancelacion o skiped de la funcion energyConsumed por parametro vacio",
              "fullTitle": "pruebas que deben dar cancelado o Skiped cancelacion o skiped de la funcion energyConsumed por parametro vacio",
              "timedOut": false,
              "duration": 0,
              "state": "pending",
              "speed": null,
              "pass": false,
              "fail": false,
              "pending": true,
              "context": null,
              "code": "",
              "err": {},
              "uuid": "f1a499d9-054a-4bbe-9d3e-0e1c5fc367b0",
              "parentUUID": "42be57b7-73b0-47f1-bba9-8a0538ec232c",
              "isHook": false,
              "skipped": false
            },
            {
              "title": "cancelacion o skiped de la funcion hydrogenMass por parametro vacio",
              "fullTitle": "pruebas que deben dar cancelado o Skiped cancelacion o skiped de la funcion hydrogenMass por parametro vacio",
              "timedOut": false,
              "duration": 0,
              "state": "pending",
              "speed": null,
              "pass": false,
              "fail": false,
              "pending": true,
              "context": null,
              "code": "",
              "err": {},
              "uuid": "724752da-6b12-4c88-91ec-3ed689a0445e",
              "parentUUID": "42be57b7-73b0-47f1-bba9-8a0538ec232c",
              "isHook": false,
              "skipped": false
            },
            {
              "title": "cancelacion o skiped de la funcion litersRequired por parametro vacio",
              "fullTitle": "pruebas que deben dar cancelado o Skiped cancelacion o skiped de la funcion litersRequired por parametro vacio",
              "timedOut": false,
              "duration": 0,
              "state": "pending",
              "speed": null,
              "pass": false,
              "fail": false,
              "pending": true,
              "context": null,
              "code": "",
              "err": {},
              "uuid": "a93ef10b-c6a5-4e70-891d-b44e6aff9485",
              "parentUUID": "42be57b7-73b0-47f1-bba9-8a0538ec232c",
              "isHook": false,
              "skipped": false
            }
          ],
          "suites": [],
          "passes": [],
          "failures": [],
          "pending": [
            "dba70e32-1430-4cb5-943e-bb7c65a2cf6e",
            "9dc9e29f-03ef-4481-b6dd-4af64a000cc5",
            "ee84d447-1ec0-4ffe-9d76-73e3e12d86bd",
            "756cf432-abd6-4429-a7e8-fbfd617eaa61",
            "f1a499d9-054a-4bbe-9d3e-0e1c5fc367b0",
            "724752da-6b12-4c88-91ec-3ed689a0445e",
            "a93ef10b-c6a5-4e70-891d-b44e6aff9485"
          ],
          "skipped": [],
          "duration": 0,
          "root": false,
          "rootEmpty": false,
          "_timeout": 2000
        }
      ],
      "passes": [],
      "failures": [],
      "pending": [],
      "skipped": [],
      "duration": 0,
      "root": true,
      "rootEmpty": true,
      "_timeout": 2000
    }
  ],
  "meta": {
    "mocha": {
      "version": "10.2.0"
    },
    "mochawesome": {
      "options": {
        "quiet": false,
        "reportFilename": "mochawesome",
        "saveHtml": true,
        "saveJson": true,
        "consoleReporter": "spec",
        "useInlineDiffs": false,
        "code": true
      },
      "version": "7.1.3"
    },
    "marge": {
      "options": null,
      "version": "6.2.0"
    }
  }
}